
Starting:    C:\Microsemi\Libero_SoC_v11.9\SynplifyPro\bin64\mbin\synbatch.exe
Install:     C:\Microsemi\Libero_SoC_v11.9\SynplifyPro
Hostname:    HR-20190630LBJP
Date:        Sat Dec 26 12:25:42 2020
Version:     L-2016.09M-SP1-5

Arguments:   -product synplify_pro -licensetype synplifypro_actel -batch -log synplify.log Jfq_syn.tcl
ProductType: synplify_pro

License checkout: synplifypro_actel
License: synplifypro_actel node-locked 
Licensed Vendor: actel
License Option: actel_oem

Running in Vendor Mode


Implementation not found: synthesis

log file: "G:\EDA\W_zh4\synthesis\Jfq.srr"

Running: synthesis in foreground



Running Jfq_syn|synthesis


Running: compile (Compile) on Jfq_syn|synthesis
# Sat Dec 26 12:25:42 2020


Running: compile_flow (Compile Process) on Jfq_syn|synthesis
# Sat Dec 26 12:25:42 2020


Running: compiler (Compile Input) on Jfq_syn|synthesis
# Sat Dec 26 12:25:42 2020

Copied G:\EDA\W_zh4\synthesis\synwork\Jfq_comp.srs to G:\EDA\W_zh4\synthesis\Jfq.srs


compiler completed
# Sat Dec 26 12:25:43 2020

Return Code: 0
Run Time:00h:00m:01s


Running: multi_srs_gen (Multi-srs Generator) on Jfq_syn|synthesis
# Sat Dec 26 12:25:43 2020


multi_srs_gen completed
# Sat Dec 26 12:25:43 2020

Return Code: 0
Run Time:00h:00m:00s

Copied G:\EDA\W_zh4\synthesis\synwork\Jfq_mult.srs to G:\EDA\W_zh4\synthesis\Jfq.srs

Complete: Compile Process on Jfq_syn|synthesis


Running: premap (Pre-mapping) on Jfq_syn|synthesis
# Sat Dec 26 12:25:43 2020


premap completed
# Sat Dec 26 12:25:44 2020

Return Code: 0
Run Time:00h:00m:01s

Complete: Compile on Jfq_syn|synthesis


Running: map (Map) on Jfq_syn|synthesis
# Sat Dec 26 12:25:44 2020

License granted for 4 parallel jobs


Running: fpga_mapper (Map & Optimize) on Jfq_syn|synthesis
# Sat Dec 26 12:25:44 2020

Copied G:\EDA\W_zh4\synthesis\synwork\Jfq_m.srm to G:\EDA\W_zh4\synthesis\Jfq.srm


fpga_mapper completed
# Sat Dec 26 12:25:44 2020

Return Code: 0
Run Time:00h:00m:00s

Complete: Map on Jfq_syn|synthesis

Complete: Logic Synthesis on Jfq_syn|synthesis

Copied G:\EDA\W_zh4\synthesis\Jfq.srr to G:\EDA\W_zh4\synthesis\backup\Jfq.srr

TCL script complete: "Jfq_syn.tcl"

exit status=0

exit status=0

License checkin: synplifypro_actel

