Target Part: A3P060_VQFP100_-1
Report for cell Bmtz.verilog
  Core Cell usage:
              cell count     area count*area
               AO1     1      1.0        1.0
              AO15     1      1.0        1.0
              AO1B     1      1.0        1.0
              AO1C     3      1.0        3.0
              AOI1     2      1.0        2.0
             AOI1B     1      1.0        1.0
               GND     5      0.0        0.0
             NAND2     3      1.0        3.0
              NOR2     4      1.0        4.0
             NOR2A     7      1.0        7.0
             NOR2B    11      1.0       11.0
             NOR3B     1      1.0        1.0
             NOR3C     1      1.0        1.0
              OA1A     4      1.0        4.0
              OA1C     1      1.0        1.0
              OAI1     1      1.0        1.0
               OR2     1      1.0        1.0
              OR2A     3      1.0        3.0
              OR2B     4      1.0        4.0
              OR3C     1      1.0        1.0
               VCC     5      0.0        0.0


                   -----          ----------
             TOTAL    61                51.0


  IO Cell usage:
              cell count
             INBUF    16
            OUTBUF    11
                   -----
             TOTAL    27


Core Cells         : 51 of 1536 (3%)
IO Cells           : 27

  RAM/ROM Usage Summary
Block Rams : 0 of 4 (0%)

