Target Part: A3P060_VQFP100_STD
Report for cell W_74HC161.verilog
  Core Cell usage:
              cell count     area count*area
              AO1B     1      1.0        1.0
              AX1C     3      1.0        3.0
               GND     1      0.0        0.0
               MX2     3      1.0        3.0
              MX2B     1      1.0        1.0
             NOR2B     5      1.0        5.0
               VCC     1      0.0        0.0


          DFN0E1C0     4      1.0        4.0
                   -----          ----------
             TOTAL    19                17.0


  IO Cell usage:
              cell count
            CLKBUF     1
             INBUF     8
            OUTBUF     5
                   -----
             TOTAL    14


Core Cells         : 17 of 1536 (1%)
IO Cells           : 14

  RAM/ROM Usage Summary
Block Rams : 0 of 4 (0%)

