
Starting:    C:\Microsemi\Libero_SoC_v11.9\SynplifyPro\bin64\mbin\synbatch.exe
Install:     C:\Microsemi\Libero_SoC_v11.9\SynplifyPro
Hostname:    HR-20190630LBJP
Date:        Sat Dec 26 14:09:48 2020
Version:     L-2016.09M-SP1-5

Arguments:   -product synplify_pro -licensetype synplifypro_actel -batch -log synplify.log Zdshj_syn.tcl
ProductType: synplify_pro

License checkout: synplifypro_actel
License: synplifypro_actel node-locked 
Licensed Vendor: actel
License Option: actel_oem

Running in Vendor Mode


Implementation not found: synthesis

log file: "G:\EDA\W_zh6\synthesis\Zdshj.srr"

Running: synthesis in foreground



Running Zdshj_syn|synthesis


Running: compile (Compile) on Zdshj_syn|synthesis
# Sat Dec 26 14:09:48 2020


Running: compile_flow (Compile Process) on Zdshj_syn|synthesis
# Sat Dec 26 14:09:48 2020


Running: compiler (Compile Input) on Zdshj_syn|synthesis
# Sat Dec 26 14:09:48 2020

Copied G:\EDA\W_zh6\synthesis\synwork\Zdshj_comp.srs to G:\EDA\W_zh6\synthesis\Zdshj.srs


compiler completed
# Sat Dec 26 14:09:50 2020

Return Code: 0
Run Time:00h:00m:02s


Running: multi_srs_gen (Multi-srs Generator) on Zdshj_syn|synthesis
# Sat Dec 26 14:09:50 2020


multi_srs_gen completed
# Sat Dec 26 14:09:50 2020

Return Code: 0
Run Time:00h:00m:00s

Copied G:\EDA\W_zh6\synthesis\synwork\Zdshj_mult.srs to G:\EDA\W_zh6\synthesis\Zdshj.srs

Complete: Compile Process on Zdshj_syn|synthesis


Running: premap (Pre-mapping) on Zdshj_syn|synthesis
# Sat Dec 26 14:09:50 2020


premap completed with warnings
# Sat Dec 26 14:09:50 2020

Return Code: 1
Run Time:00h:00m:00s

Complete: Compile on Zdshj_syn|synthesis


Running: map (Map) on Zdshj_syn|synthesis
# Sat Dec 26 14:09:50 2020

License granted for 4 parallel jobs


Running: fpga_mapper (Map & Optimize) on Zdshj_syn|synthesis
# Sat Dec 26 14:09:50 2020

Copied G:\EDA\W_zh6\synthesis\synwork\Zdshj_m.srm to G:\EDA\W_zh6\synthesis\Zdshj.srm


fpga_mapper completed with warnings
# Sat Dec 26 14:09:51 2020

Return Code: 1
Run Time:00h:00m:01s

Complete: Map on Zdshj_syn|synthesis

Complete: Logic Synthesis on Zdshj_syn|synthesis

Copied G:\EDA\W_zh6\synthesis\Zdshj.srr to G:\EDA\W_zh6\synthesis\backup\Zdshj.srr

TCL script complete: "Zdshj_syn.tcl"

exit status=0

exit status=0

License checkin: synplifypro_actel

