Target Part: A3P060_VQFP100_STD
Report for cell Zdshj.verilog
  Core Cell usage:
              cell count     area count*area
               AO1     1      1.0        1.0
              AO13     1      1.0        1.0
              AO15     1      1.0        1.0
              AO1A     1      1.0        1.0
              AO1D     1      1.0        1.0
               GND     3      0.0        0.0
             NOR2A     2      1.0        2.0
             NOR2B     3      1.0        3.0
              NOR3     2      1.0        2.0
             NOR3A     3      1.0        3.0
             NOR3B     2      1.0        2.0
             NOR3C     1      1.0        1.0
              OA1B     1      1.0        1.0
               OR2     1      1.0        1.0
              OR2A     1      1.0        1.0
               OR3     2      1.0        2.0
               VCC     3      0.0        0.0
               XO1     1      1.0        1.0


            DFN1C1     5      1.0        5.0
            DFN1P1     2      1.0        2.0
                   -----          ----------
             TOTAL    37                31.0


  IO Cell usage:
              cell count
            CLKBUF     1
             INBUF     3
            OUTBUF     2
                   -----
             TOTAL     6


Core Cells         : 31 of 1536 (2%)
IO Cells           : 6

  RAM/ROM Usage Summary
Block Rams : 0 of 4 (0%)

