Target Part: A3P060_VQFP100_STD
Report for cell W_74HC112.verilog
  Core Cell usage:
              cell count     area count*area
               GND     1      0.0        0.0
               INV     2      1.0        2.0
               MX2     1      1.0        1.0
              MX2B     1      1.0        1.0
             NOR2A     1      1.0        1.0
             NOR2B     1      1.0        1.0
               VCC     1      0.0        0.0


            DFN0E1     1      1.0        1.0
          DLN1P1C1     1      2.0        2.0
                   -----          ----------
             TOTAL    10                 9.0


  IO Cell usage:
              cell count
             INBUF     5
            OUTBUF     2
                   -----
             TOTAL     7


Core Cells         : 9 of 1536 (1%)
IO Cells           : 7

  RAM/ROM Usage Summary
Block Rams : 0 of 4 (0%)

