
Starting:    C:\Microsemi\Libero_SoC_v11.9\SynplifyPro\bin64\mbin\synbatch.exe
Install:     C:\Microsemi\Libero_SoC_v11.9\SynplifyPro
Hostname:    HR-20190630LBJP
Date:        Tue Dec 22 22:07:46 2020
Version:     L-2016.09M-SP1-5

Arguments:   -product synplify_pro -licensetype synplifypro_actel -batch -log synplify.log W_74HC112_syn.tcl
ProductType: synplify_pro

License checkout: synplifypro_actel
License: synplifypro_actel node-locked 
Licensed Vendor: actel
License Option: actel_oem

Running in Vendor Mode


Implementation not found: synthesis

log file: "G:\EDA\W_74HC112\synthesis\W_74HC112.srr"

Running: synthesis in foreground



Running W_74HC112_syn|synthesis


Running: compile (Compile) on W_74HC112_syn|synthesis
# Tue Dec 22 22:07:46 2020


Running: compile_flow (Compile Process) on W_74HC112_syn|synthesis
# Tue Dec 22 22:07:46 2020


Running: compiler (Compile Input) on W_74HC112_syn|synthesis
# Tue Dec 22 22:07:46 2020

Copied G:\EDA\W_74HC112\synthesis\synwork\W_74HC112_comp.srs to G:\EDA\W_74HC112\synthesis\W_74HC112.srs


compiler completed
# Tue Dec 22 22:07:48 2020

Return Code: 0
Run Time:00h:00m:02s


Running: multi_srs_gen (Multi-srs Generator) on W_74HC112_syn|synthesis
# Tue Dec 22 22:07:48 2020


multi_srs_gen completed
# Tue Dec 22 22:07:48 2020

Return Code: 0
Run Time:00h:00m:00s

Copied G:\EDA\W_74HC112\synthesis\synwork\W_74HC112_mult.srs to G:\EDA\W_74HC112\synthesis\W_74HC112.srs

Complete: Compile Process on W_74HC112_syn|synthesis


Running: premap (Pre-mapping) on W_74HC112_syn|synthesis
# Tue Dec 22 22:07:48 2020


premap completed with warnings
# Tue Dec 22 22:07:48 2020

Return Code: 1
Run Time:00h:00m:00s

Complete: Compile on W_74HC112_syn|synthesis


Running: map (Map) on W_74HC112_syn|synthesis
# Tue Dec 22 22:07:48 2020

License granted for 4 parallel jobs


Running: fpga_mapper (Map & Optimize) on W_74HC112_syn|synthesis
# Tue Dec 22 22:07:48 2020

Copied G:\EDA\W_74HC112\synthesis\synwork\W_74HC112_m.srm to G:\EDA\W_74HC112\synthesis\W_74HC112.srm


fpga_mapper completed with warnings
# Tue Dec 22 22:07:48 2020

Return Code: 1
Run Time:00h:00m:00s

Complete: Map on W_74HC112_syn|synthesis

Complete: Logic Synthesis on W_74HC112_syn|synthesis

Copied G:\EDA\W_74HC112\synthesis\W_74HC112.srr to G:\EDA\W_74HC112\synthesis\backup\W_74HC112.srr

TCL script complete: "W_74HC112_syn.tcl"

exit status=0

exit status=0

License checkin: synplifypro_actel

