
Starting:    C:\Microsemi\Libero_SoC_v11.9\SynplifyPro\bin64\mbin\synplify.exe
Install:     C:\Microsemi\Libero_SoC_v11.9\SynplifyPro
Hostname:    HR-20190630LBJP
Date:        Sat Dec 26 16:22:16 2020
Version:     L-2016.09M-SP1-5

Arguments:   -product synplify_pro Ztj_syn.tcl
ProductType: synplify_pro

License checkout: synplifypro_actel
License: synplifypro_actel node-locked 
Licensed Vendor: actel
License Option: actel_oem



auto_infer_blackbox is not supported in current product.
TCL script complete: "Ztj_syn.tcl"
New HDL Analyst: enabled
log file: "G:\EDA\W_zh7\synthesis\Ztj.srr"
Running: synthesis in foreground

Running Ztj_syn|synthesis

Running: compile (Compile) on Ztj_syn|synthesis
# Sat Dec 26 16:22:19 2020

Running: compile_flow (Compile Process) on Ztj_syn|synthesis
# Sat Dec 26 16:22:19 2020

Running: compiler (Compile Input) on Ztj_syn|synthesis
# Sat Dec 26 16:22:19 2020

compiler completed
# Sat Dec 26 16:22:19 2020

Return Code: 0
Run Time:00h:00m:00s

Running: multi_srs_gen (Multi-srs Generator) on Ztj_syn|synthesis
# Sat Dec 26 16:22:19 2020
Up-To-Date: multi_srs_gen. No run necessary
Complete: Compile Process on Ztj_syn|synthesis

Running: premap (Pre-mapping) on Ztj_syn|synthesis
# Sat Dec 26 16:22:19 2020

premap completed with warnings
# Sat Dec 26 16:22:20 2020

Return Code: 1
Run Time:00h:00m:01s
Complete: Compile on Ztj_syn|synthesis

Running: map (Map) on Ztj_syn|synthesis
# Sat Dec 26 16:22:20 2020

Running: fpga_mapper (Map & Optimize) on Ztj_syn|synthesis
# Sat Dec 26 16:22:20 2020
Copied G:\EDA\W_zh7\synthesis\synwork\Ztj_m.srm to G:\EDA\W_zh7\synthesis\Ztj.srm

fpga_mapper completed with warnings
# Sat Dec 26 16:22:20 2020

Return Code: 1
Run Time:00h:00m:00s
Complete: Map on Ztj_syn|synthesis
Complete: Logic Synthesis on Ztj_syn|synthesis
Note: Opening local project RTL file 'G:\EDA\W_zh7\synthesis\Ztj.srs'
exit status=0
License checkin: synplifypro_actel
