Target Part: A3P060_VQFP100_STD
Report for cell W_74HC194.verilog
  Core Cell usage:
              cell count     area count*area
               GND     1      0.0        0.0
               MX2     8      1.0        8.0
              NOR2     1      1.0        1.0
             NOR2B     1      1.0        1.0
               VCC     1      0.0        0.0


          DFN1E0C0     4      1.0        4.0
                   -----          ----------
             TOTAL    16                14.0


  IO Cell usage:
              cell count
            CLKBUF     1
             INBUF     9
            OUTBUF     4
                   -----
             TOTAL    14


Core Cells         : 14 of 1536 (1%)
IO Cells           : 14

  RAM/ROM Usage Summary
Block Rams : 0 of 4 (0%)

