
Starting:    C:\Microsemi\Libero_SoC_v11.9\SynplifyPro\bin64\mbin\synbatch.exe
Install:     C:\Microsemi\Libero_SoC_v11.9\SynplifyPro
Hostname:    HR-20190630LBJP
Date:        Fri Dec 25 16:36:42 2020
Version:     L-2016.09M-SP1-5

Arguments:   -product synplify_pro -licensetype synplifypro_actel -batch -log synplify.log Compare2come_syn.tcl
ProductType: synplify_pro

License checkout: synplifypro_actel
License: synplifypro_actel node-locked 
Licensed Vendor: actel
License Option: actel_oem

Running in Vendor Mode


auto_infer_blackbox is not supported in current product.

log file: "G:\EDA\W_zh3\synthesis\Compare2come.srr"

Running: synthesis in foreground



Running Compare2come_syn|synthesis


Running: compile (Compile) on Compare2come_syn|synthesis
# Fri Dec 25 16:36:42 2020


Running: compile_flow (Compile Process) on Compare2come_syn|synthesis
# Fri Dec 25 16:36:42 2020


Running: compiler (Compile Input) on Compare2come_syn|synthesis
# Fri Dec 25 16:36:42 2020

Copied G:\EDA\W_zh3\synthesis\synwork\Compare2come_comp.srs to G:\EDA\W_zh3\synthesis\Compare2come.srs


compiler completed
# Fri Dec 25 16:36:43 2020

Return Code: 0
Run Time:00h:00m:01s


Running: multi_srs_gen (Multi-srs Generator) on Compare2come_syn|synthesis
# Fri Dec 25 16:36:43 2020


multi_srs_gen completed
# Fri Dec 25 16:36:43 2020

Return Code: 0
Run Time:00h:00m:00s

Copied G:\EDA\W_zh3\synthesis\synwork\Compare2come_mult.srs to G:\EDA\W_zh3\synthesis\Compare2come.srs

Complete: Compile Process on Compare2come_syn|synthesis


Running: premap (Pre-mapping) on Compare2come_syn|synthesis
# Fri Dec 25 16:36:43 2020


premap completed
# Fri Dec 25 16:36:43 2020

Return Code: 0
Run Time:00h:00m:00s

Complete: Compile on Compare2come_syn|synthesis


Running: map (Map) on Compare2come_syn|synthesis
# Fri Dec 25 16:36:43 2020

License granted for 4 parallel jobs


Running: fpga_mapper (Map & Optimize) on Compare2come_syn|synthesis
# Fri Dec 25 16:36:43 2020

Copied G:\EDA\W_zh3\synthesis\synwork\Compare2come_m.srm to G:\EDA\W_zh3\synthesis\Compare2come.srm


fpga_mapper completed
# Fri Dec 25 16:36:44 2020

Return Code: 0
Run Time:00h:00m:01s

Complete: Map on Compare2come_syn|synthesis

Complete: Logic Synthesis on Compare2come_syn|synthesis

TCL script complete: "Compare2come_syn.tcl"

exit status=0

exit status=0

License checkin: synplifypro_actel

