Target Part: A3P060_VQFP100_STD
Report for cell Compare2come.verilog
  Core Cell usage:
              cell count     area count*area
             AND2A     1      1.0        1.0
              AND3     1      1.0        1.0
               AO1     1      1.0        1.0
              AO1C     6      1.0        6.0
              AO1D     1      1.0        1.0
              AOI1     1      1.0        1.0
               GND     4      0.0        0.0
               MX2    12      1.0       12.0
            NAND3A     2      1.0        2.0
              NOR2     4      1.0        4.0
             NOR2A     3      1.0        3.0
             NOR2B     2      1.0        2.0
              NOR3     6      1.0        6.0
             NOR3A     3      1.0        3.0
             NOR3B     2      1.0        2.0
              OR2A     5      1.0        5.0
              OR3B     2      1.0        2.0
               VCC     4      0.0        0.0
             XNOR2    13      1.0       13.0
              XOR2     2      1.0        2.0


                   -----          ----------
             TOTAL    75                67.0


  IO Cell usage:
              cell count
             INBUF    16
            OUTBUF     1
                   -----
             TOTAL    17


Core Cells         : 67 of 1536 (4%)
IO Cells           : 17

  RAM/ROM Usage Summary
Block Rams : 0 of 4 (0%)

