
Starting:    C:\Microsemi\Libero_SoC_v11.9\SynplifyPro\bin64\mbin\synplify.exe
Install:     C:\Microsemi\Libero_SoC_v11.9\SynplifyPro
Hostname:    MONICA-PC
Date:        Thu Dec 24 22:04:36 2020
Version:     L-2016.09M-SP1-5

Arguments:   -product synplify_pro Bmtz_syn.tcl
ProductType: synplify_pro

License checkout: synplifypro_actel
License: synplifypro_actel node-locked 
Licensed Vendor: actel
License Option: actel_oem



auto_infer_blackbox is not supported in current product.
TCL script complete: "Bmtz_syn.tcl"
New HDL Analyst: enabled
log file: "C:\EDA\W_zh1\synthesis\Bmtz.srr"
Running: synthesis in foreground

Running Bmtz_syn|synthesis

Running: compile (Compile) on Bmtz_syn|synthesis
# Thu Dec 24 22:04:39 2020

Running: compile_flow (Compile Process) on Bmtz_syn|synthesis
# Thu Dec 24 22:04:39 2020

Running: compiler (Compile Input) on Bmtz_syn|synthesis
# Thu Dec 24 22:04:39 2020

compiler completed
# Thu Dec 24 22:04:40 2020

Return Code: 0
Run Time:00h:00m:01s

Running: multi_srs_gen (Multi-srs Generator) on Bmtz_syn|synthesis
# Thu Dec 24 22:04:40 2020
Up-To-Date: multi_srs_gen. No run necessary
Complete: Compile Process on Bmtz_syn|synthesis

Running: premap (Pre-mapping) on Bmtz_syn|synthesis
# Thu Dec 24 22:04:40 2020

premap completed
# Thu Dec 24 22:04:41 2020

Return Code: 0
Run Time:00h:00m:01s
Complete: Compile on Bmtz_syn|synthesis

Running: map (Map) on Bmtz_syn|synthesis
# Thu Dec 24 22:04:41 2020

Running: fpga_mapper (Map & Optimize) on Bmtz_syn|synthesis
# Thu Dec 24 22:04:41 2020
Copied C:\EDA\W_zh1\synthesis\synwork\Bmtz_m.srm to C:\EDA\W_zh1\synthesis\Bmtz.srm

fpga_mapper completed
# Thu Dec 24 22:04:42 2020

Return Code: 0
Run Time:00h:00m:01s
Complete: Map on Bmtz_syn|synthesis
Complete: Logic Synthesis on Bmtz_syn|synthesis
Note: Opening local project RTL file 'C:\EDA\W_zh1\synthesis\Bmtz.srs'
exit status=0
License checkin: synplifypro_actel
