
Starting:    C:\Microsemi\Libero_SoC_v11.9\SynplifyPro\bin64\mbin\synbatch.exe
Install:     C:\Microsemi\Libero_SoC_v11.9\SynplifyPro
Hostname:    MONICA-PC
Date:        Thu Dec 24 22:03:37 2020
Version:     L-2016.09M-SP1-5

Arguments:   -product synplify_pro -licensetype synplifypro_actel -batch -log synplify.log Bmtz_syn.tcl
ProductType: synplify_pro

License checkout: synplifypro_actel
License: synplifypro_actel node-locked 
Licensed Vendor: actel
License Option: actel_oem

Running in Vendor Mode


Implementation not found: synthesis

log file: "C:\EDA\W_zh1\synthesis\Bmtz.srr"

Running: synthesis in foreground



Running Bmtz_syn|synthesis


Running: compile (Compile) on Bmtz_syn|synthesis
# Thu Dec 24 22:03:38 2020


Running: compile_flow (Compile Process) on Bmtz_syn|synthesis
# Thu Dec 24 22:03:38 2020


Running: compiler (Compile Input) on Bmtz_syn|synthesis
# Thu Dec 24 22:03:38 2020

Copied C:\EDA\W_zh1\synthesis\synwork\Bmtz_comp.srs to C:\EDA\W_zh1\synthesis\Bmtz.srs


compiler completed
# Thu Dec 24 22:03:40 2020

Return Code: 0
Run Time:00h:00m:02s


Running: multi_srs_gen (Multi-srs Generator) on Bmtz_syn|synthesis
# Thu Dec 24 22:03:40 2020


multi_srs_gen completed
# Thu Dec 24 22:03:40 2020

Return Code: 0
Run Time:00h:00m:00s

Copied C:\EDA\W_zh1\synthesis\synwork\Bmtz_mult.srs to C:\EDA\W_zh1\synthesis\Bmtz.srs

Complete: Compile Process on Bmtz_syn|synthesis


Running: premap (Pre-mapping) on Bmtz_syn|synthesis
# Thu Dec 24 22:03:40 2020


premap completed
# Thu Dec 24 22:03:41 2020

Return Code: 0
Run Time:00h:00m:01s

Complete: Compile on Bmtz_syn|synthesis


Running: map (Map) on Bmtz_syn|synthesis
# Thu Dec 24 22:03:41 2020

License granted for 4 parallel jobs


Running: fpga_mapper (Map & Optimize) on Bmtz_syn|synthesis
# Thu Dec 24 22:03:41 2020

Copied C:\EDA\W_zh1\synthesis\synwork\Bmtz_m.srm to C:\EDA\W_zh1\synthesis\Bmtz.srm


fpga_mapper completed
# Thu Dec 24 22:03:42 2020

Return Code: 0
Run Time:00h:00m:01s

Complete: Map on Bmtz_syn|synthesis

Complete: Logic Synthesis on Bmtz_syn|synthesis

Copied C:\EDA\W_zh1\synthesis\Bmtz.srr to C:\EDA\W_zh1\synthesis\backup\Bmtz.srr

TCL script complete: "Bmtz_syn.tcl"

exit status=0

exit status=0

License checkin: synplifypro_actel

