
Starting:    C:\Microsemi\Libero_SoC_v11.9\SynplifyPro\bin64\mbin\synbatch.exe
Install:     C:\Microsemi\Libero_SoC_v11.9\SynplifyPro
Hostname:    HR-20190630LBJP
Date:        Sat Dec 26 13:25:28 2020
Version:     L-2016.09M-SP1-5

Arguments:   -product synplify_pro -licensetype synplifypro_actel -batch -log synplify.log Zhq_syn.tcl
ProductType: synplify_pro

License checkout: synplifypro_actel
License: synplifypro_actel node-locked 
Licensed Vendor: actel
License Option: actel_oem

Running in Vendor Mode


Implementation not found: synthesis

log file: "G:\EDA\W_zh5\synthesis\Zhq.srr"

Running: synthesis in foreground



Running Zhq_syn|synthesis


Running: compile (Compile) on Zhq_syn|synthesis
# Sat Dec 26 13:25:28 2020


Running: compile_flow (Compile Process) on Zhq_syn|synthesis
# Sat Dec 26 13:25:28 2020


Running: compiler (Compile Input) on Zhq_syn|synthesis
# Sat Dec 26 13:25:28 2020

Copied G:\EDA\W_zh5\synthesis\synwork\Zhq_comp.srs to G:\EDA\W_zh5\synthesis\Zhq.srs


compiler completed
# Sat Dec 26 13:25:29 2020

Return Code: 0
Run Time:00h:00m:01s


Running: multi_srs_gen (Multi-srs Generator) on Zhq_syn|synthesis
# Sat Dec 26 13:25:29 2020


multi_srs_gen completed
# Sat Dec 26 13:25:29 2020

Return Code: 0
Run Time:00h:00m:00s

Copied G:\EDA\W_zh5\synthesis\synwork\Zhq_mult.srs to G:\EDA\W_zh5\synthesis\Zhq.srs

Complete: Compile Process on Zhq_syn|synthesis


Running: premap (Pre-mapping) on Zhq_syn|synthesis
# Sat Dec 26 13:25:29 2020


premap completed
# Sat Dec 26 13:25:30 2020

Return Code: 0
Run Time:00h:00m:01s

Complete: Compile on Zhq_syn|synthesis


Running: map (Map) on Zhq_syn|synthesis
# Sat Dec 26 13:25:30 2020

License granted for 4 parallel jobs


Running: fpga_mapper (Map & Optimize) on Zhq_syn|synthesis
# Sat Dec 26 13:25:30 2020

Copied G:\EDA\W_zh5\synthesis\synwork\Zhq_m.srm to G:\EDA\W_zh5\synthesis\Zhq.srm


fpga_mapper completed
# Sat Dec 26 13:25:37 2020

Return Code: 0
Run Time:00h:00m:07s

Complete: Map on Zhq_syn|synthesis

Complete: Logic Synthesis on Zhq_syn|synthesis

Copied G:\EDA\W_zh5\synthesis\Zhq.srr to G:\EDA\W_zh5\synthesis\backup\Zhq.srr

TCL script complete: "Zhq_syn.tcl"

exit status=0

exit status=0

License checkin: synplifypro_actel

