
Starting:    C:\Microsemi\Libero_SoC_v11.9\SynplifyPro\bin64\mbin\synplify.exe
Install:     C:\Microsemi\Libero_SoC_v11.9\SynplifyPro
Hostname:    MONICA-PC
Date:        Thu Dec 17 20:57:59 2020
Version:     L-2016.09M-SP1-5

Arguments:   -product synplify_pro W_74HC153_syn.tcl
ProductType: synplify_pro

License checkout: synplifypro_actel
License: synplifypro_actel node-locked 
Licensed Vendor: actel
License Option: actel_oem



auto_infer_blackbox is not supported in current product.
TCL script complete: "W_74HC153_syn.tcl"
New HDL Analyst: enabled
log file: "C:\EDA\W_74HC153\synthesis\W_74HC153.srr"
Running: synthesis in foreground

Running W_74HC153_syn|synthesis

Running: compile (Compile) on W_74HC153_syn|synthesis
# Thu Dec 17 20:58:01 2020

Running: compile_flow (Compile Process) on W_74HC153_syn|synthesis
# Thu Dec 17 20:58:01 2020

Running: compiler (Compile Input) on W_74HC153_syn|synthesis
# Thu Dec 17 20:58:01 2020

compiler completed
# Thu Dec 17 20:58:02 2020

Return Code: 0
Run Time:00h:00m:01s

Running: multi_srs_gen (Multi-srs Generator) on W_74HC153_syn|synthesis
# Thu Dec 17 20:58:02 2020
Up-To-Date: multi_srs_gen. No run necessary
Complete: Compile Process on W_74HC153_syn|synthesis

Running: premap (Pre-mapping) on W_74HC153_syn|synthesis
# Thu Dec 17 20:58:02 2020

premap completed
# Thu Dec 17 20:58:03 2020

Return Code: 0
Run Time:00h:00m:01s
Complete: Compile on W_74HC153_syn|synthesis

Running: map (Map) on W_74HC153_syn|synthesis
# Thu Dec 17 20:58:03 2020

Running: fpga_mapper (Map & Optimize) on W_74HC153_syn|synthesis
# Thu Dec 17 20:58:03 2020
Copied C:\EDA\W_74HC153\synthesis\synwork\W_74HC153_m.srm to C:\EDA\W_74HC153\synthesis\W_74HC153.srm

fpga_mapper completed
# Thu Dec 17 20:58:04 2020

Return Code: 0
Run Time:00h:00m:01s
Complete: Map on W_74HC153_syn|synthesis
Complete: Logic Synthesis on W_74HC153_syn|synthesis
Note: Opening local project RTL file 'C:\EDA\W_74HC153\synthesis\W_74HC153.srs'
exit status=0
License checkin: synplifypro_actel
