
Starting:    C:\Microsemi\Libero_SoC_v11.9\SynplifyPro\bin64\mbin\synbatch.exe
Install:     C:\Microsemi\Libero_SoC_v11.9\SynplifyPro
Hostname:    MONICA-PC
Date:        Thu Dec 17 22:14:26 2020
Version:     L-2016.09M-SP1-5

Arguments:   -product synplify_pro -licensetype synplifypro_actel -batch -log synplify.log W_74HC85_syn.tcl
ProductType: synplify_pro

License checkout: synplifypro_actel
License: synplifypro_actel node-locked 
Licensed Vendor: actel
License Option: actel_oem

Running in Vendor Mode


auto_infer_blackbox is not supported in current product.

log file: "C:\EDA\W_74HC85\synthesis\W_74HC85.srr"

Running: synthesis in foreground



Running W_74HC85_syn|synthesis


Running: compile (Compile) on W_74HC85_syn|synthesis
# Thu Dec 17 22:14:26 2020


Running: compile_flow (Compile Process) on W_74HC85_syn|synthesis
# Thu Dec 17 22:14:26 2020


Running: compiler (Compile Input) on W_74HC85_syn|synthesis
# Thu Dec 17 22:14:26 2020

Copied C:\EDA\W_74HC85\synthesis\synwork\W_74HC85_comp.srs to C:\EDA\W_74HC85\synthesis\W_74HC85.srs


compiler completed
# Thu Dec 17 22:14:28 2020

Return Code: 0
Run Time:00h:00m:02s


Running: multi_srs_gen (Multi-srs Generator) on W_74HC85_syn|synthesis
# Thu Dec 17 22:14:28 2020


multi_srs_gen completed
# Thu Dec 17 22:14:28 2020

Return Code: 0
Run Time:00h:00m:00s

Copied C:\EDA\W_74HC85\synthesis\synwork\W_74HC85_mult.srs to C:\EDA\W_74HC85\synthesis\W_74HC85.srs

Complete: Compile Process on W_74HC85_syn|synthesis


Running: premap (Pre-mapping) on W_74HC85_syn|synthesis
# Thu Dec 17 22:14:28 2020


premap completed
# Thu Dec 17 22:14:29 2020

Return Code: 0
Run Time:00h:00m:01s

Complete: Compile on W_74HC85_syn|synthesis


Running: map (Map) on W_74HC85_syn|synthesis
# Thu Dec 17 22:14:29 2020

License granted for 4 parallel jobs


Running: fpga_mapper (Map & Optimize) on W_74HC85_syn|synthesis
# Thu Dec 17 22:14:29 2020

Copied C:\EDA\W_74HC85\synthesis\synwork\W_74HC85_m.srm to C:\EDA\W_74HC85\synthesis\W_74HC85.srm


fpga_mapper completed
# Thu Dec 17 22:14:30 2020

Return Code: 0
Run Time:00h:00m:01s

Complete: Map on W_74HC85_syn|synthesis

Complete: Logic Synthesis on W_74HC85_syn|synthesis

TCL script complete: "W_74HC85_syn.tcl"

exit status=0

exit status=0

License checkin: synplifypro_actel

