Target Part: A3P060_VQFP100_-1
Report for cell W_74HC138.verilog
  Core Cell usage:
              cell count     area count*area
             AOI1B     1      1.0        1.0
               GND     1      0.0        0.0
              NOR2     1      1.0        1.0
             NOR2A     3      1.0        3.0
             NOR2B     3      1.0        3.0
             NOR3B     1      1.0        1.0
              OA1A     7      1.0        7.0
               VCC     1      0.0        0.0


                   -----          ----------
             TOTAL    18                16.0


  IO Cell usage:
              cell count
             INBUF     6
            OUTBUF     8
                   -----
             TOTAL    14


Core Cells         : 16 of 1536 (1%)
IO Cells           : 14

  RAM/ROM Usage Summary
Block Rams : 0 of 4 (0%)

