
Starting:    C:\Microsemi\Libero_SoC_v11.9\SynplifyPro\bin64\mbin\synbatch.exe
Install:     C:\Microsemi\Libero_SoC_v11.9\SynplifyPro
Hostname:    MONICA-PC
Date:        Fri Dec 25 00:23:52 2020
Version:     L-2016.09M-SP1-5

Arguments:   -product synplify_pro -licensetype synplifypro_actel -batch -log synplify.log Ymtz_syn.tcl
ProductType: synplify_pro

License checkout: synplifypro_actel
License: synplifypro_actel node-locked 
Licensed Vendor: actel
License Option: actel_oem

Running in Vendor Mode


Implementation not found: synthesis

log file: "C:\EDA\W_zh2\synthesis\Ymtz.srr"

Running: synthesis in foreground



Running Ymtz_syn|synthesis


Running: compile (Compile) on Ymtz_syn|synthesis
# Fri Dec 25 00:23:52 2020


Running: compile_flow (Compile Process) on Ymtz_syn|synthesis
# Fri Dec 25 00:23:52 2020


Running: compiler (Compile Input) on Ymtz_syn|synthesis
# Fri Dec 25 00:23:52 2020

Copied C:\EDA\W_zh2\synthesis\synwork\Ymtz_comp.srs to C:\EDA\W_zh2\synthesis\Ymtz.srs


compiler completed
# Fri Dec 25 00:23:54 2020

Return Code: 0
Run Time:00h:00m:02s


Running: multi_srs_gen (Multi-srs Generator) on Ymtz_syn|synthesis
# Fri Dec 25 00:23:54 2020


multi_srs_gen completed
# Fri Dec 25 00:23:54 2020

Return Code: 0
Run Time:00h:00m:00s

Copied C:\EDA\W_zh2\synthesis\synwork\Ymtz_mult.srs to C:\EDA\W_zh2\synthesis\Ymtz.srs

Complete: Compile Process on Ymtz_syn|synthesis


Running: premap (Pre-mapping) on Ymtz_syn|synthesis
# Fri Dec 25 00:23:54 2020


premap completed
# Fri Dec 25 00:23:55 2020

Return Code: 0
Run Time:00h:00m:01s

Complete: Compile on Ymtz_syn|synthesis


Running: map (Map) on Ymtz_syn|synthesis
# Fri Dec 25 00:23:55 2020

License granted for 4 parallel jobs


Running: fpga_mapper (Map & Optimize) on Ymtz_syn|synthesis
# Fri Dec 25 00:23:55 2020

Copied C:\EDA\W_zh2\synthesis\synwork\Ymtz_m.srm to C:\EDA\W_zh2\synthesis\Ymtz.srm


fpga_mapper completed
# Fri Dec 25 00:23:56 2020

Return Code: 0
Run Time:00h:00m:01s

Complete: Map on Ymtz_syn|synthesis

Complete: Logic Synthesis on Ymtz_syn|synthesis

Copied C:\EDA\W_zh2\synthesis\Ymtz.srr to C:\EDA\W_zh2\synthesis\backup\Ymtz.srr

TCL script complete: "Ymtz_syn.tcl"

exit status=0

exit status=0

License checkin: synplifypro_actel

